<?xml version="1.0" encoding="utf-8"?><testsuites name="pytest tests"><testsuite name="pytest" errors="0" failures="0" skipped="0" tests="8" time="0.991" timestamp="2026-05-02T20:27:49.972846+00:00" hostname="agent-env-037a02bb-114f-422c-8e62-ed303f588fd8"><testcase classname="backend.tests.test_zantia_api.TestGavetoes" name="test_list_gavetoes_returns_5_with_correct_counts" time="0.286" /><testcase classname="backend.tests.test_zantia_api.TestGavetoes" name="test_get_single_gavetao_g1" time="0.050" /><testcase classname="backend.tests.test_zantia_api.TestGavetoes" name="test_get_single_gavetao_404" time="0.046" /><testcase classname="backend.tests.test_zantia_api.TestGavetinhas" name="test_get_gavetinha" time="0.102" /><testcase classname="backend.tests.test_zantia_api.TestGavetinhas" name="test_get_gavetinha_404" time="0.061" /><testcase classname="backend.tests.test_zantia_api.TestGavetinhas" name="test_update_gavetinha_persists" time="0.135" /><testcase classname="backend.tests.test_zantia_api.TestGavetinhas" name="test_update_title_only" time="0.145" /><testcase classname="backend.tests.test_zantia_api.TestGavetinhas" name="test_update_404" time="0.052" /></testsuite></testsuites>